2021-05-18 21:43:29,948 DEBUG PIL.PngImagePlugin STREAM b'IHDR' 16 13
2021-05-18 21:43:29,949 DEBUG PIL.PngImagePlugin STREAM b'pHYs' 41 9
2021-05-18 21:43:29,949 DEBUG PIL.PngImagePlugin STREAM b'tIME' 62 7
2021-05-18 21:43:29,949 DEBUG PIL.PngImagePlugin b'tIME' 62 7 (unknown)
2021-05-18 21:43:29,949 DEBUG PIL.PngImagePlugin STREAM b'IDAT' 81 135
2021-05-18 21:43:29,951 ERROR __main__ 'str' object cannot be interpreted as an integer
2021-05-18 21:44:22,545 DEBUG PIL.PngImagePlugin STREAM b'IHDR' 16 13
2021-05-18 21:44:22,546 DEBUG PIL.PngImagePlugin STREAM b'pHYs' 41 9
2021-05-18 21:44:22,546 DEBUG PIL.PngImagePlugin STREAM b'tIME' 62 7
2021-05-18 21:44:22,546 DEBUG PIL.PngImagePlugin b'tIME' 62 7 (unknown)
2021-05-18 21:44:22,546 DEBUG PIL.PngImagePlugin STREAM b'IDAT' 81 135
2021-05-18 21:44:22,547 ERROR __main__ 'str' object cannot be interpreted as an integer
2021-05-18 21:46:57,969 DEBUG PIL.PngImagePlugin STREAM b'IHDR' 16 13
2021-05-18 21:46:57,969 DEBUG PIL.PngImagePlugin STREAM b'pHYs' 41 9
2021-05-18 21:46:57,970 DEBUG PIL.PngImagePlugin STREAM b'tIME' 62 7
2021-05-18 21:46:57,970 DEBUG PIL.PngImagePlugin b'tIME' 62 7 (unknown)
2021-05-18 21:46:57,970 DEBUG PIL.PngImagePlugin STREAM b'IDAT' 81 135
2021-05-18 21:46:57,971 ERROR __main__ 'str' object cannot be interpreted as an integer
2021-05-18 21:47:35,152 DEBUG PIL.PngImagePlugin STREAM b'IHDR' 16 13
2021-05-18 21:47:35,153 DEBUG PIL.PngImagePlugin STREAM b'pHYs' 41 9
2021-05-18 21:47:35,153 DEBUG PIL.PngImagePlugin STREAM b'tIME' 62 7
2021-05-18 21:47:35,154 DEBUG PIL.PngImagePlugin b'tIME' 62 7 (unknown)
2021-05-18 21:47:35,154 DEBUG PIL.PngImagePlugin STREAM b'IDAT' 81 135
2021-05-18 21:47:35,155 ERROR __main__ 'str' object cannot be interpreted as an integer
2021-05-18 21:47:55,949 DEBUG PIL.PngImagePlugin STREAM b'IHDR' 16 13
2021-05-18 21:47:55,949 DEBUG PIL.PngImagePlugin STREAM b'pHYs' 41 9
2021-05-18 21:47:55,949 DEBUG PIL.PngImagePlugin STREAM b'tIME' 62 7
2021-05-18 21:47:55,950 DEBUG PIL.PngImagePlugin b'tIME' 62 7 (unknown)
2021-05-18 21:47:55,950 DEBUG PIL.PngImagePlugin STREAM b'IDAT' 81 135
2021-05-18 21:49:21,446 DEBUG PIL.PngImagePlugin STREAM b'IHDR' 16 13
2021-05-18 21:49:21,448 DEBUG PIL.PngImagePlugin STREAM b'pHYs' 41 9
2021-05-18 21:49:21,448 DEBUG PIL.PngImagePlugin STREAM b'tIME' 62 7
2021-05-18 21:49:21,449 DEBUG PIL.PngImagePlugin b'tIME' 62 7 (unknown)
2021-05-18 21:49:21,449 DEBUG PIL.PngImagePlugin STREAM b'IDAT' 81 135
2021-05-18 21:49:28,818 DEBUG PIL.PngImagePlugin STREAM b'IHDR' 16 13
2021-05-18 21:49:28,832 DEBUG PIL.PngImagePlugin STREAM b'pHYs' 41 9
2021-05-18 21:49:28,832 DEBUG PIL.PngImagePlugin STREAM b'tIME' 62 7
2021-05-18 21:49:28,833 DEBUG PIL.PngImagePlugin b'tIME' 62 7 (unknown)
2021-05-18 21:49:28,833 DEBUG PIL.PngImagePlugin STREAM b'IDAT' 81 135
2021-05-18 21:49:51,437 DEBUG PIL.PngImagePlugin STREAM b'IHDR' 16 13
2021-05-18 21:49:51,438 DEBUG PIL.PngImagePlugin STREAM b'pHYs' 41 9
2021-05-18 21:49:51,438 DEBUG PIL.PngImagePlugin STREAM b'tIME' 62 7
2021-05-18 21:49:51,439 DEBUG PIL.PngImagePlugin b'tIME' 62 7 (unknown)
2021-05-18 21:49:51,439 DEBUG PIL.PngImagePlugin STREAM b'IDAT' 81 135
2021-05-18 21:50:49,466 DEBUG PIL.PngImagePlugin STREAM b'IHDR' 16 13
2021-05-18 21:50:49,467 DEBUG PIL.PngImagePlugin STREAM b'pHYs' 41 9
2021-05-18 21:50:49,468 DEBUG PIL.PngImagePlugin STREAM b'tIME' 62 7
2021-05-18 21:50:49,468 DEBUG PIL.PngImagePlugin b'tIME' 62 7 (unknown)
2021-05-18 21:50:49,468 DEBUG PIL.PngImagePlugin STREAM b'IDAT' 81 135
2021-05-18 21:53:03,919 DEBUG PIL.PngImagePlugin STREAM b'IHDR' 16 13
2021-05-18 21:53:03,919 DEBUG PIL.PngImagePlugin STREAM b'pHYs' 41 9
2021-05-18 21:53:03,920 DEBUG PIL.PngImagePlugin STREAM b'tIME' 62 7
2021-05-18 21:53:03,920 DEBUG PIL.PngImagePlugin b'tIME' 62 7 (unknown)
2021-05-18 21:53:03,920 DEBUG PIL.PngImagePlugin STREAM b'IDAT' 81 6581
2021-05-18 21:54:01,061 DEBUG PIL.PngImagePlugin STREAM b'IHDR' 16 13
2021-05-18 21:54:01,063 DEBUG PIL.PngImagePlugin STREAM b'pHYs' 41 9
2021-05-18 21:54:01,063 DEBUG PIL.PngImagePlugin STREAM b'tIME' 62 7
2021-05-18 21:54:01,063 DEBUG PIL.PngImagePlugin b'tIME' 62 7 (unknown)
2021-05-18 21:54:01,063 DEBUG PIL.PngImagePlugin STREAM b'IDAT' 81 6581
2021-05-18 21:55:00,516 DEBUG PIL.PngImagePlugin STREAM b'IHDR' 16 13
2021-05-18 21:55:00,517 DEBUG PIL.PngImagePlugin STREAM b'pHYs' 41 9
2021-05-18 21:55:00,517 DEBUG PIL.PngImagePlugin STREAM b'tIME' 62 7
2021-05-18 21:55:00,518 DEBUG PIL.PngImagePlugin b'tIME' 62 7 (unknown)
2021-05-18 21:55:00,518 DEBUG PIL.PngImagePlugin STREAM b'IDAT' 81 612
2021-05-18 21:55:34,543 DEBUG PIL.PngImagePlugin STREAM b'IHDR' 16 13
2021-05-18 21:55:34,547 DEBUG PIL.PngImagePlugin STREAM b'pHYs' 41 9
2021-05-18 21:55:34,547 DEBUG PIL.PngImagePlugin STREAM b'tIME' 62 7
2021-05-18 21:55:34,547 DEBUG PIL.PngImagePlugin b'tIME' 62 7 (unknown)
2021-05-18 21:55:34,547 DEBUG PIL.PngImagePlugin STREAM b'IDAT' 81 612
2021-05-18 21:56:03,518 DEBUG PIL.PngImagePlugin STREAM b'IHDR' 16 13
2021-05-18 21:56:03,518 DEBUG PIL.PngImagePlugin STREAM b'pHYs' 41 9
2021-05-18 21:56:03,518 DEBUG PIL.PngImagePlugin STREAM b'tIME' 62 7
2021-05-18 21:56:03,518 DEBUG PIL.PngImagePlugin b'tIME' 62 7 (unknown)
2021-05-18 21:56:03,519 DEBUG PIL.PngImagePlugin STREAM b'IDAT' 81 612
2021-05-18 21:56:36,567 DEBUG PIL.PngImagePlugin STREAM b'IHDR' 16 13
2021-05-18 21:56:36,568 DEBUG PIL.PngImagePlugin STREAM b'pHYs' 41 9
2021-05-18 21:56:36,568 DEBUG PIL.PngImagePlugin STREAM b'tIME' 62 7
2021-05-18 21:56:36,568 DEBUG PIL.PngImagePlugin b'tIME' 62 7 (unknown)
2021-05-18 21:56:36,569 DEBUG PIL.PngImagePlugin STREAM b'IDAT' 81 1958
2021-05-18 21:57:57,233 DEBUG PIL.PngImagePlugin STREAM b'IHDR' 16 13
2021-05-18 21:57:57,234 DEBUG PIL.PngImagePlugin STREAM b'IDAT' 41 133
2021-05-18 21:58:40,215 DEBUG PIL.PngImagePlugin STREAM b'IHDR' 16 13
2021-05-18 21:58:40,216 DEBUG PIL.PngImagePlugin STREAM b'pHYs' 41 9
2021-05-18 21:58:40,217 DEBUG PIL.PngImagePlugin STREAM b'tIME' 62 7
2021-05-18 21:58:40,217 DEBUG PIL.PngImagePlugin b'tIME' 62 7 (unknown)
2021-05-18 21:58:40,218 DEBUG PIL.PngImagePlugin STREAM b'IDAT' 81 133
2021-05-18 21:58:50,999 DEBUG PIL.PngImagePlugin STREAM b'IHDR' 16 13
2021-05-18 21:58:51,000 DEBUG PIL.PngImagePlugin STREAM b'pHYs' 41 9
2021-05-18 21:58:51,001 DEBUG PIL.PngImagePlugin STREAM b'tIME' 62 7
2021-05-18 21:58:51,001 DEBUG PIL.PngImagePlugin b'tIME' 62 7 (unknown)
2021-05-18 21:58:51,001 DEBUG PIL.PngImagePlugin STREAM b'IDAT' 81 133
2021-05-18 21:59:36,327 DEBUG PIL.PngImagePlugin STREAM b'IHDR' 16 13
2021-05-18 21:59:36,328 DEBUG PIL.PngImagePlugin STREAM b'pHYs' 41 9
2021-05-18 21:59:36,328 DEBUG PIL.PngImagePlugin STREAM b'tIME' 62 7
2021-05-18 21:59:36,329 DEBUG PIL.PngImagePlugin b'tIME' 62 7 (unknown)
2021-05-18 21:59:36,329 DEBUG PIL.PngImagePlugin STREAM b'IDAT' 81 133
2021-05-18 21:59:42,975 DEBUG PIL.PngImagePlugin STREAM b'IHDR' 16 13
2021-05-18 21:59:42,976 DEBUG PIL.PngImagePlugin STREAM b'pHYs' 41 9
2021-05-18 21:59:42,976 DEBUG PIL.PngImagePlugin STREAM b'tIME' 62 7
2021-05-18 21:59:42,977 DEBUG PIL.PngImagePlugin b'tIME' 62 7 (unknown)
2021-05-18 21:59:42,977 DEBUG PIL.PngImagePlugin STREAM b'IDAT' 81 135
2021-05-18 22:00:02,505 DEBUG PIL.PngImagePlugin STREAM b'IHDR' 16 13
2021-05-18 22:00:02,506 DEBUG PIL.PngImagePlugin STREAM b'pHYs' 41 9
2021-05-18 22:00:02,506 DEBUG PIL.PngImagePlugin STREAM b'tIME' 62 7
2021-05-18 22:00:02,507 DEBUG PIL.PngImagePlugin b'tIME' 62 7 (unknown)
2021-05-18 22:00:02,507 DEBUG PIL.PngImagePlugin STREAM b'IDAT' 81 135
